<?xml version="1.0" encoding="UTF-8"?>
<testng-results ignored="0" total="1" passed="1" failed="0" skipped="0">
  <reporter-output>
  </reporter-output>
  <suite started-at="2023-08-25T08:26:33 IST" name="Default suite" finished-at="2023-08-25T08:27:06 IST" duration-ms="32384">
    <groups>
    </groups>
    <test started-at="2023-08-25T08:26:33 IST" name="Default test" finished-at="2023-08-25T08:27:06 IST" duration-ms="32384">
      <class name="AllTestcase.Testcases">
        <test-method is-config="true" signature="OpenApplication()[pri:0, instance:AllTestcase.Testcases@3c77d488]" started-at="2023-08-25T08:26:33 IST" name="OpenApplication" finished-at="2023-08-25T08:26:40 IST" duration-ms="6751" status="PASS">
          <reporter-output>
          </reporter-output>
        </test-method> <!-- OpenApplication -->
        <test-method signature="LocatrsAdd()[pri:0, instance:AllTestcase.Testcases@3c77d488]" started-at="2023-08-25T08:26:40 IST" name="LocatrsAdd" finished-at="2023-08-25T08:27:05 IST" duration-ms="25127" status="PASS">
          <reporter-output>
          </reporter-output>
        </test-method> <!-- LocatrsAdd -->
        <test-method is-config="true" signature="CloseApplication()[pri:0, instance:AllTestcase.Testcases@3c77d488]" started-at="2023-08-25T08:27:05 IST" name="CloseApplication" finished-at="2023-08-25T08:27:06 IST" duration-ms="386" status="PASS">
          <reporter-output>
          </reporter-output>
        </test-method> <!-- CloseApplication -->
      </class> <!-- AllTestcase.Testcases -->
    </test> <!-- Default test -->
  </suite> <!-- Default suite -->
</testng-results>
